<?xml version="1.0" encoding="UTF-8"?>
<!-- Generated by org.testng.reporters.JUnitReportReporter -->
<testsuite hostname="DESKTOP-P5IVB9J" failures="0" tests="8" name="MyClass" time="0.237" errors="0" timestamp="2025-04-26T19:21:09 EET" skipped="7">
  <testcase classname="MyClass" name="Tbale" time="0.237"/>
  <testcase classname="MyClass" name="CheckBoxes">
    <skipped/>
  </testcase> <!-- CheckBoxes -->
  <testcase classname="MyClass" name="NewTab">
    <skipped/>
  </testcase> <!-- NewTab -->
  <testcase classname="MyClass" name="Alert">
    <skipped/>
  </testcase> <!-- Alert -->
  <testcase classname="MyClass" name="DynamicDropDownList">
    <skipped/>
  </testcase> <!-- DynamicDropDownList -->
  <testcase classname="MyClass" name="StaticDropDownList">
    <skipped/>
  </testcase> <!-- StaticDropDownList -->
  <testcase classname="MyClass" name="NewWindow">
    <skipped/>
  </testcase> <!-- NewWindow -->
  <testcase classname="MyClass" name="RadioButton">
    <skipped/>
  </testcase> <!-- RadioButton -->
</testsuite> <!-- MyClass -->
